2014-09-04 19:24:23 6312 [Note] Plugin 'FEDERATED' is disabled.
2014-09-04 19:24:23 6312 [Note] InnoDB: Using atomics to ref count buffer pool pages
2014-09-04 19:24:23 6312 [Note] InnoDB: The InnoDB memory heap is disabled
2014-09-04 19:24:23 6312 [Note] InnoDB: Mutexes and rw_locks use Windows interlocked functions
2014-09-04 19:24:23 6312 [Note] InnoDB: Compressed tables use zlib 1.2.3
2014-09-04 19:24:23 6312 [Note] InnoDB: Not using CPU crc32 instructions
2014-09-04 19:24:23 6312 [Note] InnoDB: Initializing buffer pool, size = 128.0M
2014-09-04 19:24:23 6312 [Note] InnoDB: Completed initialization of buffer pool
2014-09-04 19:24:23 6312 [Note] InnoDB: Highest supported file format is Barracuda.
2014-09-04 19:24:24 6312 [Note] InnoDB: 128 rollback segment(s) are active.
2014-09-04 19:24:24 6312 [Note] InnoDB: Waiting for purge to start
2014-09-04 19:24:24 6312 [Note] InnoDB: 5.6.17 started; log sequence number 1625977
2014-09-04 19:24:24 6312 [Warning] No existing UUID has been found, so we assume that this is the first time that this server has been started. Generating a new UUID: 50e98b0a-3458-11e4-9d86-e006e6be1b36.
2014-09-04 19:24:24 6312 [Note] Server hostname (bind-address): '*'; port: 3306
2014-09-04 19:24:24 6312 [Note] IPv6 is available.
2014-09-04 19:24:24 6312 [Note]   - '::' resolves to '::';
2014-09-04 19:24:24 6312 [Note] Server socket created on IP: '::'.
2014-09-04 19:24:25 6312 [Note] Event Scheduler: Loaded 0 events
2014-09-04 19:24:25 6312 [Note] wampmysqld64: ready for connections.
Version: '5.6.17'  socket: ''  port: 3306  MySQL Community Server (GPL)
2014-10-07 22:12:16 3644 [Note] Plugin 'FEDERATED' is disabled.
2014-10-07 22:12:17 3644 [Note] InnoDB: Using atomics to ref count buffer pool pages
2014-10-07 22:12:17 3644 [Note] InnoDB: The InnoDB memory heap is disabled
2014-10-07 22:12:17 3644 [Note] InnoDB: Mutexes and rw_locks use Windows interlocked functions
2014-10-07 22:12:17 3644 [Note] InnoDB: Compressed tables use zlib 1.2.3
2014-10-07 22:12:17 3644 [Note] InnoDB: Not using CPU crc32 instructions
2014-10-07 22:12:17 3644 [Note] InnoDB: Initializing buffer pool, size = 128.0M
2014-10-07 22:12:17 3644 [Note] InnoDB: Completed initialization of buffer pool
2014-10-07 22:12:17 3644 [Note] InnoDB: Highest supported file format is Barracuda.
2014-10-07 22:12:17 3644 [Note] InnoDB: The log sequence numbers 1625977 and 1625977 in ibdata files do not match the log sequence number 1625987 in the ib_logfiles!
2014-10-07 22:12:17 3644 [Note] InnoDB: Database was not shutdown normally!
2014-10-07 22:12:17 3644 [Note] InnoDB: Starting crash recovery.
2014-10-07 22:12:17 3644 [Note] InnoDB: Reading tablespace information from the .ibd files...
2014-10-07 22:12:17 3644 [Note] InnoDB: Restoring possible half-written data pages 
2014-10-07 22:12:17 3644 [Note] InnoDB: from the doublewrite buffer...
2014-10-07 22:12:18 3644 [Note] InnoDB: 128 rollback segment(s) are active.
2014-10-07 22:12:18 3644 [Note] InnoDB: Waiting for purge to start
2014-10-07 22:12:18 3644 [Note] InnoDB: 5.6.17 started; log sequence number 1625987
2014-10-07 22:12:18 3644 [Note] Server hostname (bind-address): '*'; port: 3306
2014-10-07 22:12:18 3644 [Note] IPv6 is available.
2014-10-07 22:12:18 3644 [Note]   - '::' resolves to '::';
2014-10-07 22:12:18 3644 [Note] Server socket created on IP: '::'.
2014-10-07 22:12:19 3644 [Note] Event Scheduler: Loaded 0 events
2014-10-07 22:12:19 3644 [Note] wampmysqld64: ready for connections.
Version: '5.6.17'  socket: ''  port: 3306  MySQL Community Server (GPL)
2014-10-07 22:32:43 3644 [Note] wampmysqld64: Normal shutdown

2014-10-07 22:32:43 3644 [Note] Giving 0 client threads a chance to die gracefully
2014-10-07 22:32:43 3644 [Note] Event Scheduler: Purging the queue. 0 events
2014-10-07 22:32:43 3644 [Note] Shutting down slave threads
2014-10-07 22:32:43 3644 [Note] Forcefully disconnecting 0 remaining clients
2014-10-07 22:32:43 3644 [Note] Binlog end
2014-10-07 22:32:43 3644 [Note] Shutting down plugin 'partition'
2014-10-07 22:32:43 3644 [Note] Shutting down plugin 'PERFORMANCE_SCHEMA'
2014-10-07 22:32:43 3644 [Note] Shutting down plugin 'INNODB_SYS_DATAFILES'
2014-10-07 22:32:43 3644 [Note] Shutting down plugin 'INNODB_SYS_TABLESPACES'
2014-10-07 22:32:43 3644 [Note] Shutting down plugin 'INNODB_SYS_FOREIGN_COLS'
2014-10-07 22:32:43 3644 [Note] Shutting down plugin 'INNODB_SYS_FOREIGN'
2014-10-07 22:32:43 3644 [Note] Shutting down plugin 'INNODB_SYS_FIELDS'
2014-10-07 22:32:43 3644 [Note] Shutting down plugin 'INNODB_SYS_COLUMNS'
2014-10-07 22:32:43 3644 [Note] Shutting down plugin 'INNODB_SYS_INDEXES'
2014-10-07 22:32:43 3644 [Note] Shutting down plugin 'INNODB_SYS_TABLESTATS'
2014-10-07 22:32:43 3644 [Note] Shutting down plugin 'INNODB_SYS_TABLES'
2014-10-07 22:32:43 3644 [Note] Shutting down plugin 'INNODB_FT_INDEX_TABLE'
2014-10-07 22:32:43 3644 [Note] Shutting down plugin 'INNODB_FT_INDEX_CACHE'
2014-10-07 22:32:43 3644 [Note] Shutting down plugin 'INNODB_FT_CONFIG'
2014-10-07 22:32:43 3644 [Note] Shutting down plugin 'INNODB_FT_BEING_DELETED'
2014-10-07 22:32:43 3644 [Note] Shutting down plugin 'INNODB_FT_DELETED'
2014-10-07 22:32:43 3644 [Note] Shutting down plugin 'INNODB_FT_DEFAULT_STOPWORD'
2014-10-07 22:32:43 3644 [Note] Shutting down plugin 'INNODB_METRICS'
2014-10-07 22:32:43 3644 [Note] Shutting down plugin 'INNODB_BUFFER_POOL_STATS'
2014-10-07 22:32:43 3644 [Note] Shutting down plugin 'INNODB_BUFFER_PAGE_LRU'
2014-10-07 22:32:43 3644 [Note] Shutting down plugin 'INNODB_BUFFER_PAGE'
2014-10-07 22:32:43 3644 [Note] Shutting down plugin 'INNODB_CMP_PER_INDEX_RESET'
2014-10-07 22:32:43 3644 [Note] Shutting down plugin 'INNODB_CMP_PER_INDEX'
2014-10-07 22:32:43 3644 [Note] Shutting down plugin 'INNODB_CMPMEM_RESET'
2014-10-07 22:32:43 3644 [Note] Shutting down plugin 'INNODB_CMPMEM'
2014-10-07 22:32:43 3644 [Note] Shutting down plugin 'INNODB_CMP_RESET'
2014-10-07 22:32:43 3644 [Note] Shutting down plugin 'INNODB_CMP'
2014-10-07 22:32:43 3644 [Note] Shutting down plugin 'INNODB_LOCK_WAITS'
2014-10-07 22:32:43 3644 [Note] Shutting down plugin 'INNODB_LOCKS'
2014-10-07 22:32:43 3644 [Note] Shutting down plugin 'INNODB_TRX'
2014-10-07 22:32:43 3644 [Note] Shutting down plugin 'InnoDB'
2014-10-07 22:32:43 3644 [Note] InnoDB: FTS optimize thread exiting.
2014-10-07 22:32:43 3644 [Note] InnoDB: Starting shutdown...
2014-10-07 22:32:44 3644 [Note] InnoDB: Shutdown completed; log sequence number 1625997
2014-10-07 22:32:44 3644 [Note] Shutting down plugin 'BLACKHOLE'
2014-10-07 22:32:44 3644 [Note] Shutting down plugin 'ARCHIVE'
2014-10-07 22:32:44 3644 [Note] Shutting down plugin 'MRG_MYISAM'
2014-10-07 22:32:44 3644 [Note] Shutting down plugin 'MyISAM'
2014-10-07 22:32:44 3644 [Note] Shutting down plugin 'MEMORY'
2014-10-07 22:32:44 3644 [Note] Shutting down plugin 'CSV'
2014-10-07 22:32:44 3644 [Note] Shutting down plugin 'sha256_password'
2014-10-07 22:32:44 3644 [Note] Shutting down plugin 'mysql_old_password'
2014-10-07 22:32:44 3644 [Note] Shutting down plugin 'mysql_native_password'
2014-10-07 22:32:44 3644 [Note] Shutting down plugin 'binlog'
2014-10-07 22:32:44 3644 [Note] wampmysqld64: Shutdown complete

2014-10-07 22:32:51 1760 [Note] Plugin 'FEDERATED' is disabled.
2014-10-07 22:32:51 1760 [Note] InnoDB: Using atomics to ref count buffer pool pages
2014-10-07 22:32:51 1760 [Note] InnoDB: The InnoDB memory heap is disabled
2014-10-07 22:32:51 1760 [Note] InnoDB: Mutexes and rw_locks use Windows interlocked functions
2014-10-07 22:32:51 1760 [Note] InnoDB: Compressed tables use zlib 1.2.3
2014-10-07 22:32:51 1760 [Note] InnoDB: Not using CPU crc32 instructions
2014-10-07 22:32:51 1760 [Note] InnoDB: Initializing buffer pool, size = 128.0M
2014-10-07 22:32:51 1760 [Note] InnoDB: Completed initialization of buffer pool
2014-10-07 22:32:51 1760 [Note] InnoDB: Highest supported file format is Barracuda.
2014-10-07 22:32:55 1760 [Note] InnoDB: 128 rollback segment(s) are active.
2014-10-07 22:32:55 1760 [Note] InnoDB: Waiting for purge to start
2014-10-07 22:32:55 1760 [Note] InnoDB: 5.6.17 started; log sequence number 1625997
2014-10-07 22:32:55 1760 [Note] Server hostname (bind-address): '*'; port: 3306
2014-10-07 22:32:55 1760 [Note] IPv6 is available.
2014-10-07 22:32:55 1760 [Note]   - '::' resolves to '::';
2014-10-07 22:32:55 1760 [Note] Server socket created on IP: '::'.
2014-10-07 22:32:55 1760 [Note] Event Scheduler: Loaded 0 events
2014-10-07 22:32:55 1760 [Note] wampmysqld64: ready for connections.
Version: '5.6.17'  socket: ''  port: 3306  MySQL Community Server (GPL)
2014-10-07 22:35:13 1760 [Note] wampmysqld64: Normal shutdown

2014-10-07 22:35:13 1760 [Note] Giving 0 client threads a chance to die gracefully
2014-10-07 22:35:13 1760 [Note] Event Scheduler: Purging the queue. 0 events
2014-10-07 22:35:13 1760 [Note] Shutting down slave threads
2014-10-07 22:35:13 1760 [Note] Forcefully disconnecting 0 remaining clients
2014-10-07 22:35:13 1760 [Note] Binlog end
2014-10-07 22:35:13 1760 [Note] Shutting down plugin 'partition'
2014-10-07 22:35:13 1760 [Note] Shutting down plugin 'PERFORMANCE_SCHEMA'
2014-10-07 22:35:13 1760 [Note] Shutting down plugin 'INNODB_SYS_DATAFILES'
2014-10-07 22:35:13 1760 [Note] Shutting down plugin 'INNODB_SYS_TABLESPACES'
2014-10-07 22:35:13 1760 [Note] Shutting down plugin 'INNODB_SYS_FOREIGN_COLS'
2014-10-07 22:35:13 1760 [Note] Shutting down plugin 'INNODB_SYS_FOREIGN'
2014-10-07 22:35:13 1760 [Note] Shutting down plugin 'INNODB_SYS_FIELDS'
2014-10-07 22:35:13 1760 [Note] Shutting down plugin 'INNODB_SYS_COLUMNS'
2014-10-07 22:35:13 1760 [Note] Shutting down plugin 'INNODB_SYS_INDEXES'
2014-10-07 22:35:13 1760 [Note] Shutting down plugin 'INNODB_SYS_TABLESTATS'
2014-10-07 22:35:13 1760 [Note] Shutting down plugin 'INNODB_SYS_TABLES'
2014-10-07 22:35:13 1760 [Note] Shutting down plugin 'INNODB_FT_INDEX_TABLE'
2014-10-07 22:35:13 1760 [Note] Shutting down plugin 'INNODB_FT_INDEX_CACHE'
2014-10-07 22:35:13 1760 [Note] Shutting down plugin 'INNODB_FT_CONFIG'
2014-10-07 22:35:13 1760 [Note] Shutting down plugin 'INNODB_FT_BEING_DELETED'
2014-10-07 22:35:13 1760 [Note] Shutting down plugin 'INNODB_FT_DELETED'
2014-10-07 22:35:13 1760 [Note] Shutting down plugin 'INNODB_FT_DEFAULT_STOPWORD'
2014-10-07 22:35:13 1760 [Note] Shutting down plugin 'INNODB_METRICS'
2014-10-07 22:35:13 1760 [Note] Shutting down plugin 'INNODB_BUFFER_POOL_STATS'
2014-10-07 22:35:13 1760 [Note] Shutting down plugin 'INNODB_BUFFER_PAGE_LRU'
2014-10-07 22:35:13 1760 [Note] Shutting down plugin 'INNODB_BUFFER_PAGE'
2014-10-07 22:35:13 1760 [Note] Shutting down plugin 'INNODB_CMP_PER_INDEX_RESET'
2014-10-07 22:35:13 1760 [Note] Shutting down plugin 'INNODB_CMP_PER_INDEX'
2014-10-07 22:35:13 1760 [Note] Shutting down plugin 'INNODB_CMPMEM_RESET'
2014-10-07 22:35:13 1760 [Note] Shutting down plugin 'INNODB_CMPMEM'
2014-10-07 22:35:13 1760 [Note] Shutting down plugin 'INNODB_CMP_RESET'
2014-10-07 22:35:13 1760 [Note] Shutting down plugin 'INNODB_CMP'
2014-10-07 22:35:13 1760 [Note] Shutting down plugin 'INNODB_LOCK_WAITS'
2014-10-07 22:35:13 1760 [Note] Shutting down plugin 'INNODB_LOCKS'
2014-10-07 22:35:13 1760 [Note] Shutting down plugin 'INNODB_TRX'
2014-10-07 22:35:13 1760 [Note] Shutting down plugin 'InnoDB'
2014-10-07 22:35:13 1760 [Note] InnoDB: FTS optimize thread exiting.
2014-10-07 22:35:13 1760 [Note] InnoDB: Starting shutdown...
2014-10-07 22:35:14 1760 [Note] InnoDB: Shutdown completed; log sequence number 1626007
2014-10-07 22:35:14 1760 [Note] Shutting down plugin 'BLACKHOLE'
2014-10-07 22:35:14 1760 [Note] Shutting down plugin 'ARCHIVE'
2014-10-07 22:35:14 1760 [Note] Shutting down plugin 'MRG_MYISAM'
2014-10-07 22:35:14 1760 [Note] Shutting down plugin 'MyISAM'
2014-10-07 22:35:14 1760 [Note] Shutting down plugin 'MEMORY'
2014-10-07 22:35:14 1760 [Note] Shutting down plugin 'CSV'
2014-10-07 22:35:14 1760 [Note] Shutting down plugin 'sha256_password'
2014-10-07 22:35:14 1760 [Note] Shutting down plugin 'mysql_old_password'
2014-10-07 22:35:14 1760 [Note] Shutting down plugin 'mysql_native_password'
2014-10-07 22:35:14 1760 [Note] Shutting down plugin 'binlog'
2014-10-07 22:35:14 1760 [Note] wampmysqld64: Shutdown complete

2014-10-07 22:35:15 2172 [Note] Plugin 'FEDERATED' is disabled.
2014-10-07 22:35:15 2172 [Note] InnoDB: Using atomics to ref count buffer pool pages
2014-10-07 22:35:15 2172 [Note] InnoDB: The InnoDB memory heap is disabled
2014-10-07 22:35:15 2172 [Note] InnoDB: Mutexes and rw_locks use Windows interlocked functions
2014-10-07 22:35:15 2172 [Note] InnoDB: Compressed tables use zlib 1.2.3
2014-10-07 22:35:15 2172 [Note] InnoDB: Not using CPU crc32 instructions
2014-10-07 22:35:15 2172 [Note] InnoDB: Initializing buffer pool, size = 128.0M
2014-10-07 22:35:15 2172 [Note] InnoDB: Completed initialization of buffer pool
2014-10-07 22:35:15 2172 [Note] InnoDB: Highest supported file format is Barracuda.
2014-10-07 22:35:18 2172 [Note] InnoDB: 128 rollback segment(s) are active.
2014-10-07 22:35:20 2172 [Note] InnoDB: Waiting for purge to start
2014-10-07 22:35:21 2172 [Note] InnoDB: 5.6.17 started; log sequence number 1626007
2014-10-07 22:35:21 2172 [Note] Server hostname (bind-address): '*'; port: 3306
2014-10-07 22:35:21 2172 [Note] IPv6 is available.
2014-10-07 22:35:21 2172 [Note]   - '::' resolves to '::';
2014-10-07 22:35:21 2172 [Note] Server socket created on IP: '::'.
2014-10-07 22:35:21 2172 [Note] Event Scheduler: Loaded 0 events
2014-10-07 22:35:21 2172 [Note] wampmysqld64: ready for connections.
Version: '5.6.17'  socket: ''  port: 3306  MySQL Community Server (GPL)
2014-10-07 22:36:16 2172 [Note] wampmysqld64: Normal shutdown

2014-10-07 22:36:16 2172 [Note] Giving 0 client threads a chance to die gracefully
2014-10-07 22:36:16 2172 [Note] Event Scheduler: Purging the queue. 0 events
2014-10-07 22:36:16 2172 [Note] Shutting down slave threads
2014-10-07 22:36:16 2172 [Note] Forcefully disconnecting 0 remaining clients
2014-10-07 22:36:16 2172 [Note] Binlog end
2014-10-07 22:36:16 2172 [Note] Shutting down plugin 'partition'
2014-10-07 22:36:16 2172 [Note] Shutting down plugin 'PERFORMANCE_SCHEMA'
2014-10-07 22:36:16 2172 [Note] Shutting down plugin 'INNODB_SYS_DATAFILES'
2014-10-07 22:36:16 2172 [Note] Shutting down plugin 'INNODB_SYS_TABLESPACES'
2014-10-07 22:36:16 2172 [Note] Shutting down plugin 'INNODB_SYS_FOREIGN_COLS'
2014-10-07 22:36:16 2172 [Note] Shutting down plugin 'INNODB_SYS_FOREIGN'
2014-10-07 22:36:16 2172 [Note] Shutting down plugin 'INNODB_SYS_FIELDS'
2014-10-07 22:36:16 2172 [Note] Shutting down plugin 'INNODB_SYS_COLUMNS'
2014-10-07 22:36:16 2172 [Note] Shutting down plugin 'INNODB_SYS_INDEXES'
2014-10-07 22:36:16 2172 [Note] Shutting down plugin 'INNODB_SYS_TABLESTATS'
2014-10-07 22:36:16 2172 [Note] Shutting down plugin 'INNODB_SYS_TABLES'
2014-10-07 22:36:16 2172 [Note] Shutting down plugin 'INNODB_FT_INDEX_TABLE'
2014-10-07 22:36:16 2172 [Note] Shutting down plugin 'INNODB_FT_INDEX_CACHE'
2014-10-07 22:36:16 2172 [Note] Shutting down plugin 'INNODB_FT_CONFIG'
2014-10-07 22:36:16 2172 [Note] Shutting down plugin 'INNODB_FT_BEING_DELETED'
2014-10-07 22:36:16 2172 [Note] Shutting down plugin 'INNODB_FT_DELETED'
2014-10-07 22:36:16 2172 [Note] Shutting down plugin 'INNODB_FT_DEFAULT_STOPWORD'
2014-10-07 22:36:16 2172 [Note] Shutting down plugin 'INNODB_METRICS'
2014-10-07 22:36:16 2172 [Note] Shutting down plugin 'INNODB_BUFFER_POOL_STATS'
2014-10-07 22:36:16 2172 [Note] Shutting down plugin 'INNODB_BUFFER_PAGE_LRU'
2014-10-07 22:36:16 2172 [Note] Shutting down plugin 'INNODB_BUFFER_PAGE'
2014-10-07 22:36:16 2172 [Note] Shutting down plugin 'INNODB_CMP_PER_INDEX_RESET'
2014-10-07 22:36:16 2172 [Note] Shutting down plugin 'INNODB_CMP_PER_INDEX'
2014-10-07 22:36:16 2172 [Note] Shutting down plugin 'INNODB_CMPMEM_RESET'
2014-10-07 22:36:16 2172 [Note] Shutting down plugin 'INNODB_CMPMEM'
2014-10-07 22:36:16 2172 [Note] Shutting down plugin 'INNODB_CMP_RESET'
2014-10-07 22:36:16 2172 [Note] Shutting down plugin 'INNODB_CMP'
2014-10-07 22:36:16 2172 [Note] Shutting down plugin 'INNODB_LOCK_WAITS'
2014-10-07 22:36:16 2172 [Note] Shutting down plugin 'INNODB_LOCKS'
2014-10-07 22:36:16 2172 [Note] Shutting down plugin 'INNODB_TRX'
2014-10-07 22:36:16 2172 [Note] Shutting down plugin 'InnoDB'
2014-10-07 22:36:16 2172 [Note] InnoDB: FTS optimize thread exiting.
2014-10-07 22:36:16 2172 [Note] InnoDB: Starting shutdown...
2014-10-07 22:36:18 2172 [Note] InnoDB: Shutdown completed; log sequence number 1626017
2014-10-07 22:36:18 2172 [Note] Shutting down plugin 'BLACKHOLE'
2014-10-07 22:36:18 2172 [Note] Shutting down plugin 'ARCHIVE'
2014-10-07 22:36:18 2172 [Note] Shutting down plugin 'MRG_MYISAM'
2014-10-07 22:36:18 2172 [Note] Shutting down plugin 'MyISAM'
2014-10-07 22:36:18 2172 [Note] Shutting down plugin 'MEMORY'
2014-10-07 22:36:18 2172 [Note] Shutting down plugin 'CSV'
2014-10-07 22:36:18 2172 [Note] Shutting down plugin 'sha256_password'
2014-10-07 22:36:18 2172 [Note] Shutting down plugin 'mysql_old_password'
2014-10-07 22:36:18 2172 [Note] Shutting down plugin 'mysql_native_password'
2014-10-07 22:36:18 2172 [Note] Shutting down plugin 'binlog'
2014-10-07 22:36:18 2172 [Note] wampmysqld64: Shutdown complete

2014-10-07 22:36:19 7588 [Note] Plugin 'FEDERATED' is disabled.
2014-10-07 22:36:19 7588 [Note] InnoDB: Using atomics to ref count buffer pool pages
2014-10-07 22:36:19 7588 [Note] InnoDB: The InnoDB memory heap is disabled
2014-10-07 22:36:19 7588 [Note] InnoDB: Mutexes and rw_locks use Windows interlocked functions
2014-10-07 22:36:19 7588 [Note] InnoDB: Compressed tables use zlib 1.2.3
2014-10-07 22:36:19 7588 [Note] InnoDB: Not using CPU crc32 instructions
2014-10-07 22:36:19 7588 [Note] InnoDB: Initializing buffer pool, size = 128.0M
2014-10-07 22:36:19 7588 [Note] InnoDB: Completed initialization of buffer pool
2014-10-07 22:36:19 7588 [Note] InnoDB: Highest supported file format is Barracuda.
2014-10-07 22:36:19 7588 [Note] InnoDB: 128 rollback segment(s) are active.
2014-10-07 22:36:19 7588 [Note] InnoDB: Waiting for purge to start
2014-10-07 22:36:19 7588 [Note] InnoDB: 5.6.17 started; log sequence number 1626017
2014-10-07 22:36:19 7588 [Note] Server hostname (bind-address): '*'; port: 3306
2014-10-07 22:36:19 7588 [Note] IPv6 is available.
2014-10-07 22:36:19 7588 [Note]   - '::' resolves to '::';
2014-10-07 22:36:19 7588 [Note] Server socket created on IP: '::'.
2014-10-07 22:36:19 7588 [Note] Event Scheduler: Loaded 0 events
2014-10-07 22:36:19 7588 [Note] wampmysqld64: ready for connections.
Version: '5.6.17'  socket: ''  port: 3306  MySQL Community Server (GPL)
2014-10-07 22:51:06 7588 [Note] wampmysqld64: Normal shutdown

2014-10-07 22:51:06 7588 [Note] Giving 0 client threads a chance to die gracefully
2014-10-07 22:51:06 7588 [Note] Event Scheduler: Purging the queue. 0 events
2014-10-07 22:51:06 7588 [Note] Shutting down slave threads
2014-10-07 22:51:06 7588 [Note] Forcefully disconnecting 0 remaining clients
2014-10-07 22:51:06 7588 [Note] Binlog end
2014-10-07 22:51:07 7588 [Note] Shutting down plugin 'partition'
2014-10-07 22:51:07 7588 [Note] Shutting down plugin 'PERFORMANCE_SCHEMA'
2014-10-07 22:51:07 7588 [Note] Shutting down plugin 'INNODB_SYS_DATAFILES'
2014-10-07 22:51:07 7588 [Note] Shutting down plugin 'INNODB_SYS_TABLESPACES'
2014-10-07 22:51:07 7588 [Note] Shutting down plugin 'INNODB_SYS_FOREIGN_COLS'
2014-10-07 22:51:07 7588 [Note] Shutting down plugin 'INNODB_SYS_FOREIGN'
2014-10-07 22:51:07 7588 [Note] Shutting down plugin 'INNODB_SYS_FIELDS'
2014-10-07 22:51:07 7588 [Note] Shutting down plugin 'INNODB_SYS_COLUMNS'
2014-10-07 22:51:07 7588 [Note] Shutting down plugin 'INNODB_SYS_INDEXES'
2014-10-07 22:51:07 7588 [Note] Shutting down plugin 'INNODB_SYS_TABLESTATS'
2014-10-07 22:51:07 7588 [Note] Shutting down plugin 'INNODB_SYS_TABLES'
2014-10-07 22:51:07 7588 [Note] Shutting down plugin 'INNODB_FT_INDEX_TABLE'
2014-10-07 22:51:07 7588 [Note] Shutting down plugin 'INNODB_FT_INDEX_CACHE'
2014-10-07 22:51:07 7588 [Note] Shutting down plugin 'INNODB_FT_CONFIG'
2014-10-07 22:51:07 7588 [Note] Shutting down plugin 'INNODB_FT_BEING_DELETED'
2014-10-07 22:51:07 7588 [Note] Shutting down plugin 'INNODB_FT_DELETED'
2014-10-07 22:51:07 7588 [Note] Shutting down plugin 'INNODB_FT_DEFAULT_STOPWORD'
2014-10-07 22:51:07 7588 [Note] Shutting down plugin 'INNODB_METRICS'
2014-10-07 22:51:07 7588 [Note] Shutting down plugin 'INNODB_BUFFER_POOL_STATS'
2014-10-07 22:51:07 7588 [Note] Shutting down plugin 'INNODB_BUFFER_PAGE_LRU'
2014-10-07 22:51:07 7588 [Note] Shutting down plugin 'INNODB_BUFFER_PAGE'
2014-10-07 22:51:07 7588 [Note] Shutting down plugin 'INNODB_CMP_PER_INDEX_RESET'
2014-10-07 22:51:07 7588 [Note] Shutting down plugin 'INNODB_CMP_PER_INDEX'
2014-10-07 22:51:07 7588 [Note] Shutting down plugin 'INNODB_CMPMEM_RESET'
2014-10-07 22:51:07 7588 [Note] Shutting down plugin 'INNODB_CMPMEM'
2014-10-07 22:51:07 7588 [Note] Shutting down plugin 'INNODB_CMP_RESET'
2014-10-07 22:51:07 7588 [Note] Shutting down plugin 'INNODB_CMP'
2014-10-07 22:51:07 7588 [Note] Shutting down plugin 'INNODB_LOCK_WAITS'
2014-10-07 22:51:07 7588 [Note] Shutting down plugin 'INNODB_LOCKS'
2014-10-07 22:51:07 7588 [Note] Shutting down plugin 'INNODB_TRX'
2014-10-07 22:51:07 7588 [Note] Shutting down plugin 'InnoDB'
2014-10-07 22:51:07 7588 [Note] InnoDB: FTS optimize thread exiting.
2014-10-07 22:51:07 7588 [Note] InnoDB: Starting shutdown...
2014-10-07 22:51:08 7588 [Note] InnoDB: Shutdown completed; log sequence number 1629938
2014-10-07 22:51:08 7588 [Note] Shutting down plugin 'BLACKHOLE'
2014-10-07 22:51:08 7588 [Note] Shutting down plugin 'ARCHIVE'
2014-10-07 22:51:08 7588 [Note] Shutting down plugin 'MRG_MYISAM'
2014-10-07 22:51:08 7588 [Note] Shutting down plugin 'MyISAM'
2014-10-07 22:51:08 7588 [Note] Shutting down plugin 'MEMORY'
2014-10-07 22:51:08 7588 [Note] Shutting down plugin 'CSV'
2014-10-07 22:51:08 7588 [Note] Shutting down plugin 'sha256_password'
2014-10-07 22:51:08 7588 [Note] Shutting down plugin 'mysql_old_password'
2014-10-07 22:51:08 7588 [Note] Shutting down plugin 'mysql_native_password'
2014-10-07 22:51:08 7588 [Note] Shutting down plugin 'binlog'
2014-10-07 22:51:08 7588 [Note] wampmysqld64: Shutdown complete

2014-10-07 22:51:11 7936 [Note] Plugin 'FEDERATED' is disabled.
2014-10-07 22:51:11 7936 [Note] InnoDB: Using atomics to ref count buffer pool pages
2014-10-07 22:51:11 7936 [Note] InnoDB: The InnoDB memory heap is disabled
2014-10-07 22:51:11 7936 [Note] InnoDB: Mutexes and rw_locks use Windows interlocked functions
2014-10-07 22:51:11 7936 [Note] InnoDB: Compressed tables use zlib 1.2.3
2014-10-07 22:51:11 7936 [Note] InnoDB: Not using CPU crc32 instructions
2014-10-07 22:51:11 7936 [Note] InnoDB: Initializing buffer pool, size = 128.0M
2014-10-07 22:51:11 7936 [Note] InnoDB: Completed initialization of buffer pool
2014-10-07 22:51:11 7936 [Note] InnoDB: Highest supported file format is Barracuda.
2014-10-07 22:51:11 7936 [Note] InnoDB: 128 rollback segment(s) are active.
2014-10-07 22:51:11 7936 [Note] InnoDB: Waiting for purge to start
2014-10-07 22:51:12 7936 [Note] InnoDB: 5.6.17 started; log sequence number 1629938
2014-10-07 22:51:12 7936 [Note] Server hostname (bind-address): '*'; port: 3306
2014-10-07 22:51:12 7936 [Note] IPv6 is available.
2014-10-07 22:51:12 7936 [Note]   - '::' resolves to '::';
2014-10-07 22:51:12 7936 [Note] Server socket created on IP: '::'.
2014-10-07 22:51:12 7936 [Note] Event Scheduler: Loaded 0 events
2014-10-07 22:51:12 7936 [Note] wampmysqld64: ready for connections.
Version: '5.6.17'  socket: ''  port: 3306  MySQL Community Server (GPL)
2014-10-07 22:52:00 7936 [Note] wampmysqld64: Normal shutdown

2014-10-07 22:52:00 7936 [Note] Giving 0 client threads a chance to die gracefully
2014-10-07 22:52:00 7936 [Note] Event Scheduler: Purging the queue. 0 events
2014-10-07 22:52:00 7936 [Note] Shutting down slave threads
2014-10-07 22:52:00 7936 [Note] Forcefully disconnecting 0 remaining clients
2014-10-07 22:52:00 7936 [Note] Binlog end
2014-10-07 22:52:00 7936 [Note] Shutting down plugin 'partition'
2014-10-07 22:52:00 7936 [Note] Shutting down plugin 'PERFORMANCE_SCHEMA'
2014-10-07 22:52:00 7936 [Note] Shutting down plugin 'INNODB_SYS_DATAFILES'
2014-10-07 22:52:00 7936 [Note] Shutting down plugin 'INNODB_SYS_TABLESPACES'
2014-10-07 22:52:00 7936 [Note] Shutting down plugin 'INNODB_SYS_FOREIGN_COLS'
2014-10-07 22:52:00 7936 [Note] Shutting down plugin 'INNODB_SYS_FOREIGN'
2014-10-07 22:52:00 7936 [Note] Shutting down plugin 'INNODB_SYS_FIELDS'
2014-10-07 22:52:00 7936 [Note] Shutting down plugin 'INNODB_SYS_COLUMNS'
2014-10-07 22:52:00 7936 [Note] Shutting down plugin 'INNODB_SYS_INDEXES'
2014-10-07 22:52:00 7936 [Note] Shutting down plugin 'INNODB_SYS_TABLESTATS'
2014-10-07 22:52:00 7936 [Note] Shutting down plugin 'INNODB_SYS_TABLES'
2014-10-07 22:52:00 7936 [Note] Shutting down plugin 'INNODB_FT_INDEX_TABLE'
2014-10-07 22:52:00 7936 [Note] Shutting down plugin 'INNODB_FT_INDEX_CACHE'
2014-10-07 22:52:00 7936 [Note] Shutting down plugin 'INNODB_FT_CONFIG'
2014-10-07 22:52:00 7936 [Note] Shutting down plugin 'INNODB_FT_BEING_DELETED'
2014-10-07 22:52:00 7936 [Note] Shutting down plugin 'INNODB_FT_DELETED'
2014-10-07 22:52:00 7936 [Note] Shutting down plugin 'INNODB_FT_DEFAULT_STOPWORD'
2014-10-07 22:52:00 7936 [Note] Shutting down plugin 'INNODB_METRICS'
2014-10-07 22:52:00 7936 [Note] Shutting down plugin 'INNODB_BUFFER_POOL_STATS'
2014-10-07 22:52:00 7936 [Note] Shutting down plugin 'INNODB_BUFFER_PAGE_LRU'
2014-10-07 22:52:00 7936 [Note] Shutting down plugin 'INNODB_BUFFER_PAGE'
2014-10-07 22:52:00 7936 [Note] Shutting down plugin 'INNODB_CMP_PER_INDEX_RESET'
2014-10-07 22:52:00 7936 [Note] Shutting down plugin 'INNODB_CMP_PER_INDEX'
2014-10-07 22:52:00 7936 [Note] Shutting down plugin 'INNODB_CMPMEM_RESET'
2014-10-07 22:52:00 7936 [Note] Shutting down plugin 'INNODB_CMPMEM'
2014-10-07 22:52:00 7936 [Note] Shutting down plugin 'INNODB_CMP_RESET'
2014-10-07 22:52:00 7936 [Note] Shutting down plugin 'INNODB_CMP'
2014-10-07 22:52:00 7936 [Note] Shutting down plugin 'INNODB_LOCK_WAITS'
2014-10-07 22:52:00 7936 [Note] Shutting down plugin 'INNODB_LOCKS'
2014-10-07 22:52:00 7936 [Note] Shutting down plugin 'INNODB_TRX'
2014-10-07 22:52:00 7936 [Note] Shutting down plugin 'InnoDB'
2014-10-07 22:52:00 7936 [Note] InnoDB: FTS optimize thread exiting.
2014-10-07 22:52:00 7936 [Note] InnoDB: Starting shutdown...
2014-10-07 22:52:01 7936 [Note] InnoDB: Shutdown completed; log sequence number 1629948
2014-10-07 22:52:01 7936 [Note] Shutting down plugin 'BLACKHOLE'
2014-10-07 22:52:01 7936 [Note] Shutting down plugin 'ARCHIVE'
2014-10-07 22:52:01 7936 [Note] Shutting down plugin 'MRG_MYISAM'
2014-10-07 22:52:01 7936 [Note] Shutting down plugin 'MyISAM'
2014-10-07 22:52:01 7936 [Note] Shutting down plugin 'MEMORY'
2014-10-07 22:52:01 7936 [Note] Shutting down plugin 'CSV'
2014-10-07 22:52:01 7936 [Note] Shutting down plugin 'sha256_password'
2014-10-07 22:52:01 7936 [Note] Shutting down plugin 'mysql_old_password'
2014-10-07 22:52:01 7936 [Note] Shutting down plugin 'mysql_native_password'
2014-10-07 22:52:01 7936 [Note] Shutting down plugin 'binlog'
2014-10-07 22:52:01 7936 [Note] wampmysqld64: Shutdown complete

2014-10-07 22:52:01 3016 [Note] Plugin 'FEDERATED' is disabled.
2014-10-07 22:52:01 3016 [Note] InnoDB: Using atomics to ref count buffer pool pages
2014-10-07 22:52:01 3016 [Note] InnoDB: The InnoDB memory heap is disabled
2014-10-07 22:52:01 3016 [Note] InnoDB: Mutexes and rw_locks use Windows interlocked functions
2014-10-07 22:52:01 3016 [Note] InnoDB: Compressed tables use zlib 1.2.3
2014-10-07 22:52:01 3016 [Note] InnoDB: Not using CPU crc32 instructions
2014-10-07 22:52:01 3016 [Note] InnoDB: Initializing buffer pool, size = 128.0M
2014-10-07 22:52:01 3016 [Note] InnoDB: Completed initialization of buffer pool
2014-10-07 22:52:01 3016 [Note] InnoDB: Highest supported file format is Barracuda.
2014-10-07 22:52:01 3016 [Note] InnoDB: 128 rollback segment(s) are active.
2014-10-07 22:52:02 3016 [Note] InnoDB: Waiting for purge to start
2014-10-07 22:52:02 3016 [Note] InnoDB: 5.6.17 started; log sequence number 1629948
2014-10-07 22:52:02 3016 [Note] Server hostname (bind-address): '*'; port: 3306
2014-10-07 22:52:02 3016 [Note] IPv6 is available.
2014-10-07 22:52:02 3016 [Note]   - '::' resolves to '::';
2014-10-07 22:52:02 3016 [Note] Server socket created on IP: '::'.
2014-10-07 22:52:02 3016 [Note] Event Scheduler: Loaded 0 events
2014-10-07 22:52:02 3016 [Note] wampmysqld64: ready for connections.
Version: '5.6.17'  socket: ''  port: 3306  MySQL Community Server (GPL)
2014-10-07 22:56:05 3016 [Note] wampmysqld64: Normal shutdown

2014-10-07 22:56:05 3016 [Note] Giving 0 client threads a chance to die gracefully
2014-10-07 22:56:05 3016 [Note] Event Scheduler: Purging the queue. 0 events
2014-10-07 22:56:05 3016 [Note] Shutting down slave threads
2014-10-07 22:56:05 3016 [Note] Forcefully disconnecting 0 remaining clients
2014-10-07 22:56:05 3016 [Note] Binlog end
2014-10-07 22:56:05 3016 [Note] Shutting down plugin 'partition'
2014-10-07 22:56:05 3016 [Note] Shutting down plugin 'PERFORMANCE_SCHEMA'
2014-10-07 22:56:05 3016 [Note] Shutting down plugin 'INNODB_SYS_DATAFILES'
2014-10-07 22:56:05 3016 [Note] Shutting down plugin 'INNODB_SYS_TABLESPACES'
2014-10-07 22:56:05 3016 [Note] Shutting down plugin 'INNODB_SYS_FOREIGN_COLS'
2014-10-07 22:56:05 3016 [Note] Shutting down plugin 'INNODB_SYS_FOREIGN'
2014-10-07 22:56:05 3016 [Note] Shutting down plugin 'INNODB_SYS_FIELDS'
2014-10-07 22:56:05 3016 [Note] Shutting down plugin 'INNODB_SYS_COLUMNS'
2014-10-07 22:56:05 3016 [Note] Shutting down plugin 'INNODB_SYS_INDEXES'
2014-10-07 22:56:05 3016 [Note] Shutting down plugin 'INNODB_SYS_TABLESTATS'
2014-10-07 22:56:05 3016 [Note] Shutting down plugin 'INNODB_SYS_TABLES'
2014-10-07 22:56:05 3016 [Note] Shutting down plugin 'INNODB_FT_INDEX_TABLE'
2014-10-07 22:56:05 3016 [Note] Shutting down plugin 'INNODB_FT_INDEX_CACHE'
2014-10-07 22:56:05 3016 [Note] Shutting down plugin 'INNODB_FT_CONFIG'
2014-10-07 22:56:05 3016 [Note] Shutting down plugin 'INNODB_FT_BEING_DELETED'
2014-10-07 22:56:05 3016 [Note] Shutting down plugin 'INNODB_FT_DELETED'
2014-10-07 22:56:05 3016 [Note] Shutting down plugin 'INNODB_FT_DEFAULT_STOPWORD'
2014-10-07 22:56:05 3016 [Note] Shutting down plugin 'INNODB_METRICS'
2014-10-07 22:56:05 3016 [Note] Shutting down plugin 'INNODB_BUFFER_POOL_STATS'
2014-10-07 22:56:05 3016 [Note] Shutting down plugin 'INNODB_BUFFER_PAGE_LRU'
2014-10-07 22:56:05 3016 [Note] Shutting down plugin 'INNODB_BUFFER_PAGE'
2014-10-07 22:56:05 3016 [Note] Shutting down plugin 'INNODB_CMP_PER_INDEX_RESET'
2014-10-07 22:56:05 3016 [Note] Shutting down plugin 'INNODB_CMP_PER_INDEX'
2014-10-07 22:56:05 3016 [Note] Shutting down plugin 'INNODB_CMPMEM_RESET'
2014-10-07 22:56:05 3016 [Note] Shutting down plugin 'INNODB_CMPMEM'
2014-10-07 22:56:05 3016 [Note] Shutting down plugin 'INNODB_CMP_RESET'
2014-10-07 22:56:05 3016 [Note] Shutting down plugin 'INNODB_CMP'
2014-10-07 22:56:05 3016 [Note] Shutting down plugin 'INNODB_LOCK_WAITS'
2014-10-07 22:56:05 3016 [Note] Shutting down plugin 'INNODB_LOCKS'
2014-10-07 22:56:05 3016 [Note] Shutting down plugin 'INNODB_TRX'
2014-10-07 22:56:05 3016 [Note] Shutting down plugin 'InnoDB'
2014-10-07 22:56:05 3016 [Note] InnoDB: FTS optimize thread exiting.
2014-10-07 22:56:05 3016 [Note] InnoDB: Starting shutdown...
2014-10-07 22:56:06 3016 [Note] InnoDB: Shutdown completed; log sequence number 1629958
2014-10-07 22:56:06 3016 [Note] Shutting down plugin 'BLACKHOLE'
2014-10-07 22:56:06 3016 [Note] Shutting down plugin 'ARCHIVE'
2014-10-07 22:56:06 3016 [Note] Shutting down plugin 'MRG_MYISAM'
2014-10-07 22:56:06 3016 [Note] Shutting down plugin 'MyISAM'
2014-10-07 22:56:06 3016 [Note] Shutting down plugin 'MEMORY'
2014-10-07 22:56:06 3016 [Note] Shutting down plugin 'CSV'
2014-10-07 22:56:06 3016 [Note] Shutting down plugin 'sha256_password'
2014-10-07 22:56:06 3016 [Note] Shutting down plugin 'mysql_old_password'
2014-10-07 22:56:07 3016 [Note] Shutting down plugin 'mysql_native_password'
2014-10-07 22:56:07 3016 [Note] Shutting down plugin 'binlog'
2014-10-07 22:56:07 3016 [Note] wampmysqld64: Shutdown complete

2014-10-07 22:56:19 6652 [Note] Plugin 'FEDERATED' is disabled.
2014-10-07 22:56:19 6652 [Note] InnoDB: Using atomics to ref count buffer pool pages
2014-10-07 22:56:19 6652 [Note] InnoDB: The InnoDB memory heap is disabled
2014-10-07 22:56:19 6652 [Note] InnoDB: Mutexes and rw_locks use Windows interlocked functions
2014-10-07 22:56:19 6652 [Note] InnoDB: Compressed tables use zlib 1.2.3
2014-10-07 22:56:19 6652 [Note] InnoDB: Not using CPU crc32 instructions
2014-10-07 22:56:19 6652 [Note] InnoDB: Initializing buffer pool, size = 128.0M
2014-10-07 22:56:19 6652 [Note] InnoDB: Completed initialization of buffer pool
2014-10-07 22:56:19 6652 [Note] InnoDB: Highest supported file format is Barracuda.
2014-10-07 22:56:19 6652 [Note] InnoDB: 128 rollback segment(s) are active.
2014-10-07 22:56:19 6652 [Note] InnoDB: Waiting for purge to start
2014-10-07 22:56:20 6652 [Note] InnoDB: 5.6.17 started; log sequence number 1629958
2014-10-07 22:56:20 6652 [Note] Server hostname (bind-address): '*'; port: 3306
2014-10-07 22:56:20 6652 [Note] IPv6 is available.
2014-10-07 22:56:20 6652 [Note]   - '::' resolves to '::';
2014-10-07 22:56:20 6652 [Note] Server socket created on IP: '::'.
2014-10-07 22:56:20 6652 [Note] Event Scheduler: Loaded 0 events
2014-10-07 22:56:20 6652 [Note] wampmysqld64: ready for connections.
Version: '5.6.17'  socket: ''  port: 3306  MySQL Community Server (GPL)
2014-10-07 23:09:22 6652 [Note] wampmysqld64: Normal shutdown

2014-10-07 23:09:22 6652 [Note] Giving 0 client threads a chance to die gracefully
2014-10-07 23:09:22 6652 [Note] Event Scheduler: Purging the queue. 0 events
2014-10-07 23:09:22 6652 [Note] Shutting down slave threads
2014-10-07 23:09:22 6652 [Note] Forcefully disconnecting 0 remaining clients
2014-10-07 23:09:22 6652 [Note] Binlog end
2014-10-07 23:09:22 6652 [Note] Shutting down plugin 'partition'
2014-10-07 23:09:22 6652 [Note] Shutting down plugin 'PERFORMANCE_SCHEMA'
2014-10-07 23:09:22 6652 [Note] Shutting down plugin 'INNODB_SYS_DATAFILES'
2014-10-07 23:09:22 6652 [Note] Shutting down plugin 'INNODB_SYS_TABLESPACES'
2014-10-07 23:09:22 6652 [Note] Shutting down plugin 'INNODB_SYS_FOREIGN_COLS'
2014-10-07 23:09:22 6652 [Note] Shutting down plugin 'INNODB_SYS_FOREIGN'
2014-10-07 23:09:22 6652 [Note] Shutting down plugin 'INNODB_SYS_FIELDS'
2014-10-07 23:09:22 6652 [Note] Shutting down plugin 'INNODB_SYS_COLUMNS'
2014-10-07 23:09:22 6652 [Note] Shutting down plugin 'INNODB_SYS_INDEXES'
2014-10-07 23:09:22 6652 [Note] Shutting down plugin 'INNODB_SYS_TABLESTATS'
2014-10-07 23:09:22 6652 [Note] Shutting down plugin 'INNODB_SYS_TABLES'
2014-10-07 23:09:22 6652 [Note] Shutting down plugin 'INNODB_FT_INDEX_TABLE'
2014-10-07 23:09:22 6652 [Note] Shutting down plugin 'INNODB_FT_INDEX_CACHE'
2014-10-07 23:09:22 6652 [Note] Shutting down plugin 'INNODB_FT_CONFIG'
2014-10-07 23:09:22 6652 [Note] Shutting down plugin 'INNODB_FT_BEING_DELETED'
2014-10-07 23:09:22 6652 [Note] Shutting down plugin 'INNODB_FT_DELETED'
2014-10-07 23:09:22 6652 [Note] Shutting down plugin 'INNODB_FT_DEFAULT_STOPWORD'
2014-10-07 23:09:22 6652 [Note] Shutting down plugin 'INNODB_METRICS'
2014-10-07 23:09:22 6652 [Note] Shutting down plugin 'INNODB_BUFFER_POOL_STATS'
2014-10-07 23:09:22 6652 [Note] Shutting down plugin 'INNODB_BUFFER_PAGE_LRU'
2014-10-07 23:09:22 6652 [Note] Shutting down plugin 'INNODB_BUFFER_PAGE'
2014-10-07 23:09:22 6652 [Note] Shutting down plugin 'INNODB_CMP_PER_INDEX_RESET'
2014-10-07 23:09:22 6652 [Note] Shutting down plugin 'INNODB_CMP_PER_INDEX'
2014-10-07 23:09:22 6652 [Note] Shutting down plugin 'INNODB_CMPMEM_RESET'
2014-10-07 23:09:22 6652 [Note] Shutting down plugin 'INNODB_CMPMEM'
2014-10-07 23:09:22 6652 [Note] Shutting down plugin 'INNODB_CMP_RESET'
2014-10-07 23:09:22 6652 [Note] Shutting down plugin 'INNODB_CMP'
2014-10-07 23:09:22 6652 [Note] Shutting down plugin 'INNODB_LOCK_WAITS'
2014-10-07 23:09:22 6652 [Note] Shutting down plugin 'INNODB_LOCKS'
2014-10-07 23:09:22 6652 [Note] Shutting down plugin 'INNODB_TRX'
2014-10-07 23:09:22 6652 [Note] Shutting down plugin 'InnoDB'
2014-10-07 23:09:22 6652 [Note] InnoDB: FTS optimize thread exiting.
2014-10-07 23:09:22 6652 [Note] InnoDB: Starting shutdown...
2014-10-07 23:09:23 6652 [Note] InnoDB: Shutdown completed; log sequence number 1629968
2014-10-07 23:09:23 6652 [Note] Shutting down plugin 'BLACKHOLE'
2014-10-07 23:09:23 6652 [Note] Shutting down plugin 'ARCHIVE'
2014-10-07 23:09:23 6652 [Note] Shutting down plugin 'MRG_MYISAM'
2014-10-07 23:09:23 6652 [Note] Shutting down plugin 'MyISAM'
2014-10-07 23:09:23 6652 [Note] Shutting down plugin 'MEMORY'
2014-10-07 23:09:23 6652 [Note] Shutting down plugin 'CSV'
2014-10-07 23:09:23 6652 [Note] Shutting down plugin 'sha256_password'
2014-10-07 23:09:23 6652 [Note] Shutting down plugin 'mysql_old_password'
2014-10-07 23:09:23 6652 [Note] Shutting down plugin 'mysql_native_password'
2014-10-07 23:09:23 6652 [Note] Shutting down plugin 'binlog'
2014-10-07 23:09:23 6652 [Note] wampmysqld64: Shutdown complete

2014-10-07 23:12:52 5528 [Note] Plugin 'FEDERATED' is disabled.
2014-10-07 23:12:52 5528 [Note] InnoDB: Using atomics to ref count buffer pool pages
2014-10-07 23:12:52 5528 [Note] InnoDB: The InnoDB memory heap is disabled
2014-10-07 23:12:52 5528 [Note] InnoDB: Mutexes and rw_locks use Windows interlocked functions
2014-10-07 23:12:52 5528 [Note] InnoDB: Compressed tables use zlib 1.2.3
2014-10-07 23:12:52 5528 [Note] InnoDB: Not using CPU crc32 instructions
2014-10-07 23:12:52 5528 [Note] InnoDB: Initializing buffer pool, size = 128.0M
2014-10-07 23:12:52 5528 [Note] InnoDB: Completed initialization of buffer pool
2014-10-07 23:12:52 5528 [Note] InnoDB: Highest supported file format is Barracuda.
2014-10-07 23:12:52 5528 [Note] InnoDB: 128 rollback segment(s) are active.
2014-10-07 23:12:52 5528 [Note] InnoDB: Waiting for purge to start
2014-10-07 23:12:52 5528 [Note] InnoDB: 5.6.17 started; log sequence number 1629968
2014-10-07 23:12:52 5528 [Note] Server hostname (bind-address): '*'; port: 3306
2014-10-07 23:12:52 5528 [Note] IPv6 is available.
2014-10-07 23:12:52 5528 [Note]   - '::' resolves to '::';
2014-10-07 23:12:52 5528 [Note] Server socket created on IP: '::'.
2014-10-07 23:12:52 5528 [Note] Event Scheduler: Loaded 0 events
2014-10-07 23:12:52 5528 [Note] wampmysqld64: ready for connections.
Version: '5.6.17'  socket: ''  port: 3306  MySQL Community Server (GPL)
2014-10-07 23:15:51 5528 [Note] wampmysqld64: Normal shutdown

2014-10-07 23:15:51 5528 [Note] Giving 0 client threads a chance to die gracefully
2014-10-07 23:15:51 5528 [Note] Event Scheduler: Purging the queue. 0 events
2014-10-07 23:15:51 5528 [Note] Shutting down slave threads
2014-10-07 23:15:51 5528 [Note] Forcefully disconnecting 0 remaining clients
2014-10-07 23:15:51 5528 [Note] Binlog end
2014-10-07 23:15:51 5528 [Note] Shutting down plugin 'partition'
2014-10-07 23:15:51 5528 [Note] Shutting down plugin 'PERFORMANCE_SCHEMA'
2014-10-07 23:15:51 5528 [Note] Shutting down plugin 'INNODB_SYS_DATAFILES'
2014-10-07 23:15:51 5528 [Note] Shutting down plugin 'INNODB_SYS_TABLESPACES'
2014-10-07 23:15:51 5528 [Note] Shutting down plugin 'INNODB_SYS_FOREIGN_COLS'
2014-10-07 23:15:51 5528 [Note] Shutting down plugin 'INNODB_SYS_FOREIGN'
2014-10-07 23:15:51 5528 [Note] Shutting down plugin 'INNODB_SYS_FIELDS'
2014-10-07 23:15:51 5528 [Note] Shutting down plugin 'INNODB_SYS_COLUMNS'
2014-10-07 23:15:51 5528 [Note] Shutting down plugin 'INNODB_SYS_INDEXES'
2014-10-07 23:15:51 5528 [Note] Shutting down plugin 'INNODB_SYS_TABLESTATS'
2014-10-07 23:15:51 5528 [Note] Shutting down plugin 'INNODB_SYS_TABLES'
2014-10-07 23:15:51 5528 [Note] Shutting down plugin 'INNODB_FT_INDEX_TABLE'
2014-10-07 23:15:51 5528 [Note] Shutting down plugin 'INNODB_FT_INDEX_CACHE'
2014-10-07 23:15:51 5528 [Note] Shutting down plugin 'INNODB_FT_CONFIG'
2014-10-07 23:15:51 5528 [Note] Shutting down plugin 'INNODB_FT_BEING_DELETED'
2014-10-07 23:15:51 5528 [Note] Shutting down plugin 'INNODB_FT_DELETED'
2014-10-07 23:15:51 5528 [Note] Shutting down plugin 'INNODB_FT_DEFAULT_STOPWORD'
2014-10-07 23:15:51 5528 [Note] Shutting down plugin 'INNODB_METRICS'
2014-10-07 23:15:51 5528 [Note] Shutting down plugin 'INNODB_BUFFER_POOL_STATS'
2014-10-07 23:15:51 5528 [Note] Shutting down plugin 'INNODB_BUFFER_PAGE_LRU'
2014-10-07 23:15:51 5528 [Note] Shutting down plugin 'INNODB_BUFFER_PAGE'
2014-10-07 23:15:51 5528 [Note] Shutting down plugin 'INNODB_CMP_PER_INDEX_RESET'
2014-10-07 23:15:51 5528 [Note] Shutting down plugin 'INNODB_CMP_PER_INDEX'
2014-10-07 23:15:51 5528 [Note] Shutting down plugin 'INNODB_CMPMEM_RESET'
2014-10-07 23:15:51 5528 [Note] Shutting down plugin 'INNODB_CMPMEM'
2014-10-07 23:15:51 5528 [Note] Shutting down plugin 'INNODB_CMP_RESET'
2014-10-07 23:15:51 5528 [Note] Shutting down plugin 'INNODB_CMP'
2014-10-07 23:15:51 5528 [Note] Shutting down plugin 'INNODB_LOCK_WAITS'
2014-10-07 23:15:51 5528 [Note] Shutting down plugin 'INNODB_LOCKS'
2014-10-07 23:15:51 5528 [Note] Shutting down plugin 'INNODB_TRX'
2014-10-07 23:15:51 5528 [Note] Shutting down plugin 'InnoDB'
2014-10-07 23:15:51 5528 [Note] InnoDB: FTS optimize thread exiting.
2014-10-07 23:15:51 5528 [Note] InnoDB: Starting shutdown...
2014-10-07 23:15:53 5528 [Note] InnoDB: Shutdown completed; log sequence number 1629978
2014-10-07 23:15:53 5528 [Note] Shutting down plugin 'BLACKHOLE'
2014-10-07 23:15:53 5528 [Note] Shutting down plugin 'ARCHIVE'
2014-10-07 23:15:53 5528 [Note] Shutting down plugin 'MRG_MYISAM'
2014-10-07 23:15:53 5528 [Note] Shutting down plugin 'MyISAM'
2014-10-07 23:15:53 5528 [Note] Shutting down plugin 'MEMORY'
2014-10-07 23:15:53 5528 [Note] Shutting down plugin 'CSV'
2014-10-07 23:15:53 5528 [Note] Shutting down plugin 'sha256_password'
2014-10-07 23:15:53 5528 [Note] Shutting down plugin 'mysql_old_password'
2014-10-07 23:15:53 5528 [Note] Shutting down plugin 'mysql_native_password'
2014-10-07 23:15:53 5528 [Note] Shutting down plugin 'binlog'
2014-10-07 23:15:53 5528 [Note] wampmysqld64: Shutdown complete

2014-10-07 23:15:53 3140 [Note] Plugin 'FEDERATED' is disabled.
2014-10-07 23:15:53 3140 [Note] InnoDB: Using atomics to ref count buffer pool pages
2014-10-07 23:15:53 3140 [Note] InnoDB: The InnoDB memory heap is disabled
2014-10-07 23:15:53 3140 [Note] InnoDB: Mutexes and rw_locks use Windows interlocked functions
2014-10-07 23:15:53 3140 [Note] InnoDB: Compressed tables use zlib 1.2.3
2014-10-07 23:15:53 3140 [Note] InnoDB: Not using CPU crc32 instructions
2014-10-07 23:15:53 3140 [Note] InnoDB: Initializing buffer pool, size = 128.0M
2014-10-07 23:15:53 3140 [Note] InnoDB: Completed initialization of buffer pool
2014-10-07 23:15:53 3140 [Note] InnoDB: Highest supported file format is Barracuda.
2014-10-07 23:15:53 3140 [Note] InnoDB: 128 rollback segment(s) are active.
2014-10-07 23:15:53 3140 [Note] InnoDB: Waiting for purge to start
2014-10-07 23:15:53 3140 [Note] InnoDB: 5.6.17 started; log sequence number 1629978
2014-10-07 23:15:53 3140 [Note] Server hostname (bind-address): '*'; port: 3306
2014-10-07 23:15:53 3140 [Note] IPv6 is available.
2014-10-07 23:15:53 3140 [Note]   - '::' resolves to '::';
2014-10-07 23:15:53 3140 [Note] Server socket created on IP: '::'.
2014-10-07 23:15:53 3140 [Note] Event Scheduler: Loaded 0 events
2014-10-07 23:15:53 3140 [Note] wampmysqld64: ready for connections.
Version: '5.6.17'  socket: ''  port: 3306  MySQL Community Server (GPL)
2014-10-07 23:18:26 3140 [Note] wampmysqld64: Normal shutdown

2014-10-07 23:18:26 3140 [Note] Giving 0 client threads a chance to die gracefully
2014-10-07 23:18:26 3140 [Note] Event Scheduler: Purging the queue. 0 events
2014-10-07 23:18:26 3140 [Note] Shutting down slave threads
2014-10-07 23:18:26 3140 [Note] Forcefully disconnecting 0 remaining clients
2014-10-07 23:18:26 3140 [Note] Binlog end
2014-10-07 23:18:26 3140 [Note] Shutting down plugin 'partition'
2014-10-07 23:18:26 3140 [Note] Shutting down plugin 'PERFORMANCE_SCHEMA'
2014-10-07 23:18:26 3140 [Note] Shutting down plugin 'INNODB_SYS_DATAFILES'
2014-10-07 23:18:26 3140 [Note] Shutting down plugin 'INNODB_SYS_TABLESPACES'
2014-10-07 23:18:26 3140 [Note] Shutting down plugin 'INNODB_SYS_FOREIGN_COLS'
2014-10-07 23:18:26 3140 [Note] Shutting down plugin 'INNODB_SYS_FOREIGN'
2014-10-07 23:18:26 3140 [Note] Shutting down plugin 'INNODB_SYS_FIELDS'
2014-10-07 23:18:26 3140 [Note] Shutting down plugin 'INNODB_SYS_COLUMNS'
2014-10-07 23:18:26 3140 [Note] Shutting down plugin 'INNODB_SYS_INDEXES'
2014-10-07 23:18:26 3140 [Note] Shutting down plugin 'INNODB_SYS_TABLESTATS'
2014-10-07 23:18:26 3140 [Note] Shutting down plugin 'INNODB_SYS_TABLES'
2014-10-07 23:18:26 3140 [Note] Shutting down plugin 'INNODB_FT_INDEX_TABLE'
2014-10-07 23:18:26 3140 [Note] Shutting down plugin 'INNODB_FT_INDEX_CACHE'
2014-10-07 23:18:26 3140 [Note] Shutting down plugin 'INNODB_FT_CONFIG'
2014-10-07 23:18:26 3140 [Note] Shutting down plugin 'INNODB_FT_BEING_DELETED'
2014-10-07 23:18:26 3140 [Note] Shutting down plugin 'INNODB_FT_DELETED'
2014-10-07 23:18:26 3140 [Note] Shutting down plugin 'INNODB_FT_DEFAULT_STOPWORD'
2014-10-07 23:18:26 3140 [Note] Shutting down plugin 'INNODB_METRICS'
2014-10-07 23:18:26 3140 [Note] Shutting down plugin 'INNODB_BUFFER_POOL_STATS'
2014-10-07 23:18:26 3140 [Note] Shutting down plugin 'INNODB_BUFFER_PAGE_LRU'
2014-10-07 23:18:26 3140 [Note] Shutting down plugin 'INNODB_BUFFER_PAGE'
2014-10-07 23:18:26 3140 [Note] Shutting down plugin 'INNODB_CMP_PER_INDEX_RESET'
2014-10-07 23:18:26 3140 [Note] Shutting down plugin 'INNODB_CMP_PER_INDEX'
2014-10-07 23:18:26 3140 [Note] Shutting down plugin 'INNODB_CMPMEM_RESET'
2014-10-07 23:18:26 3140 [Note] Shutting down plugin 'INNODB_CMPMEM'
2014-10-07 23:18:26 3140 [Note] Shutting down plugin 'INNODB_CMP_RESET'
2014-10-07 23:18:26 3140 [Note] Shutting down plugin 'INNODB_CMP'
2014-10-07 23:18:26 3140 [Note] Shutting down plugin 'INNODB_LOCK_WAITS'
2014-10-07 23:18:26 3140 [Note] Shutting down plugin 'INNODB_LOCKS'
2014-10-07 23:18:26 3140 [Note] Shutting down plugin 'INNODB_TRX'
2014-10-07 23:18:26 3140 [Note] Shutting down plugin 'InnoDB'
2014-10-07 23:18:26 3140 [Note] InnoDB: FTS optimize thread exiting.
2014-10-07 23:18:26 3140 [Note] InnoDB: Starting shutdown...
2014-10-07 23:18:27 3140 [Note] InnoDB: Shutdown completed; log sequence number 1629988
2014-10-07 23:18:27 3140 [Note] Shutting down plugin 'BLACKHOLE'
2014-10-07 23:18:27 3140 [Note] Shutting down plugin 'ARCHIVE'
2014-10-07 23:18:27 3140 [Note] Shutting down plugin 'MRG_MYISAM'
2014-10-07 23:18:27 3140 [Note] Shutting down plugin 'MyISAM'
2014-10-07 23:18:27 3140 [Note] Shutting down plugin 'MEMORY'
2014-10-07 23:18:27 3140 [Note] Shutting down plugin 'CSV'
2014-10-07 23:18:27 3140 [Note] Shutting down plugin 'sha256_password'
2014-10-07 23:18:27 3140 [Note] Shutting down plugin 'mysql_old_password'
2014-10-07 23:18:27 3140 [Note] Shutting down plugin 'mysql_native_password'
2014-10-07 23:18:27 3140 [Note] Shutting down plugin 'binlog'
2014-10-07 23:18:27 3140 [Note] wampmysqld64: Shutdown complete

2014-10-07 23:18:28 8272 [Note] Plugin 'FEDERATED' is disabled.
2014-10-07 23:18:28 8272 [Note] InnoDB: Using atomics to ref count buffer pool pages
2014-10-07 23:18:28 8272 [Note] InnoDB: The InnoDB memory heap is disabled
2014-10-07 23:18:28 8272 [Note] InnoDB: Mutexes and rw_locks use Windows interlocked functions
2014-10-07 23:18:28 8272 [Note] InnoDB: Compressed tables use zlib 1.2.3
2014-10-07 23:18:28 8272 [Note] InnoDB: Not using CPU crc32 instructions
2014-10-07 23:18:28 8272 [Note] InnoDB: Initializing buffer pool, size = 128.0M
2014-10-07 23:18:28 8272 [Note] InnoDB: Completed initialization of buffer pool
2014-10-07 23:18:28 8272 [Note] InnoDB: Highest supported file format is Barracuda.
2014-10-07 23:18:28 8272 [Note] InnoDB: 128 rollback segment(s) are active.
2014-10-07 23:18:28 8272 [Note] InnoDB: Waiting for purge to start
2014-10-07 23:18:28 8272 [Note] InnoDB: 5.6.17 started; log sequence number 1629988
2014-10-07 23:18:28 8272 [Note] Server hostname (bind-address): '*'; port: 3306
2014-10-07 23:18:28 8272 [Note] IPv6 is available.
2014-10-07 23:18:28 8272 [Note]   - '::' resolves to '::';
2014-10-07 23:18:28 8272 [Note] Server socket created on IP: '::'.
2014-10-07 23:18:29 8272 [Note] Event Scheduler: Loaded 0 events
2014-10-07 23:18:29 8272 [Note] wampmysqld64: ready for connections.
Version: '5.6.17'  socket: ''  port: 3306  MySQL Community Server (GPL)
2014-10-07 23:22:53 8272 [Note] wampmysqld64: Normal shutdown

2014-10-07 23:22:53 8272 [Note] Giving 0 client threads a chance to die gracefully
2014-10-07 23:22:53 8272 [Note] Event Scheduler: Purging the queue. 0 events
2014-10-07 23:22:53 8272 [Note] Shutting down slave threads
2014-10-07 23:22:53 8272 [Note] Forcefully disconnecting 0 remaining clients
2014-10-07 23:22:53 8272 [Note] Binlog end
2014-10-07 23:22:53 8272 [Note] Shutting down plugin 'partition'
2014-10-07 23:22:53 8272 [Note] Shutting down plugin 'PERFORMANCE_SCHEMA'
2014-10-07 23:22:53 8272 [Note] Shutting down plugin 'INNODB_SYS_DATAFILES'
2014-10-07 23:22:53 8272 [Note] Shutting down plugin 'INNODB_SYS_TABLESPACES'
2014-10-07 23:22:53 8272 [Note] Shutting down plugin 'INNODB_SYS_FOREIGN_COLS'
2014-10-07 23:22:53 8272 [Note] Shutting down plugin 'INNODB_SYS_FOREIGN'
2014-10-07 23:22:53 8272 [Note] Shutting down plugin 'INNODB_SYS_FIELDS'
2014-10-07 23:22:53 8272 [Note] Shutting down plugin 'INNODB_SYS_COLUMNS'
2014-10-07 23:22:53 8272 [Note] Shutting down plugin 'INNODB_SYS_INDEXES'
2014-10-07 23:22:53 8272 [Note] Shutting down plugin 'INNODB_SYS_TABLESTATS'
2014-10-07 23:22:53 8272 [Note] Shutting down plugin 'INNODB_SYS_TABLES'
2014-10-07 23:22:53 8272 [Note] Shutting down plugin 'INNODB_FT_INDEX_TABLE'
2014-10-07 23:22:53 8272 [Note] Shutting down plugin 'INNODB_FT_INDEX_CACHE'
2014-10-07 23:22:53 8272 [Note] Shutting down plugin 'INNODB_FT_CONFIG'
2014-10-07 23:22:53 8272 [Note] Shutting down plugin 'INNODB_FT_BEING_DELETED'
2014-10-07 23:22:53 8272 [Note] Shutting down plugin 'INNODB_FT_DELETED'
2014-10-07 23:22:53 8272 [Note] Shutting down plugin 'INNODB_FT_DEFAULT_STOPWORD'
2014-10-07 23:22:53 8272 [Note] Shutting down plugin 'INNODB_METRICS'
2014-10-07 23:22:53 8272 [Note] Shutting down plugin 'INNODB_BUFFER_POOL_STATS'
2014-10-07 23:22:53 8272 [Note] Shutting down plugin 'INNODB_BUFFER_PAGE_LRU'
2014-10-07 23:22:53 8272 [Note] Shutting down plugin 'INNODB_BUFFER_PAGE'
2014-10-07 23:22:53 8272 [Note] Shutting down plugin 'INNODB_CMP_PER_INDEX_RESET'
2014-10-07 23:22:53 8272 [Note] Shutting down plugin 'INNODB_CMP_PER_INDEX'
2014-10-07 23:22:53 8272 [Note] Shutting down plugin 'INNODB_CMPMEM_RESET'
2014-10-07 23:22:53 8272 [Note] Shutting down plugin 'INNODB_CMPMEM'
2014-10-07 23:22:53 8272 [Note] Shutting down plugin 'INNODB_CMP_RESET'
2014-10-07 23:22:53 8272 [Note] Shutting down plugin 'INNODB_CMP'
2014-10-07 23:22:53 8272 [Note] Shutting down plugin 'INNODB_LOCK_WAITS'
2014-10-07 23:22:53 8272 [Note] Shutting down plugin 'INNODB_LOCKS'
2014-10-07 23:22:53 8272 [Note] Shutting down plugin 'INNODB_TRX'
2014-10-07 23:22:53 8272 [Note] Shutting down plugin 'InnoDB'
2014-10-07 23:22:53 8272 [Note] InnoDB: FTS optimize thread exiting.
2014-10-07 23:22:53 8272 [Note] InnoDB: Starting shutdown...
2014-10-07 23:22:54 8272 [Note] InnoDB: Shutdown completed; log sequence number 1629998
2014-10-07 23:22:54 8272 [Note] Shutting down plugin 'BLACKHOLE'
2014-10-07 23:22:54 8272 [Note] Shutting down plugin 'ARCHIVE'
2014-10-07 23:22:54 8272 [Note] Shutting down plugin 'MRG_MYISAM'
2014-10-07 23:22:54 8272 [Note] Shutting down plugin 'MyISAM'
2014-10-07 23:22:54 8272 [Note] Shutting down plugin 'MEMORY'
2014-10-07 23:22:54 8272 [Note] Shutting down plugin 'CSV'
2014-10-07 23:22:54 8272 [Note] Shutting down plugin 'sha256_password'
2014-10-07 23:22:54 8272 [Note] Shutting down plugin 'mysql_old_password'
2014-10-07 23:22:54 8272 [Note] Shutting down plugin 'mysql_native_password'
2014-10-07 23:22:54 8272 [Note] Shutting down plugin 'binlog'
2014-10-07 23:22:54 8272 [Note] wampmysqld64: Shutdown complete

2014-10-07 23:24:49 9092 [Note] Plugin 'FEDERATED' is disabled.
2014-10-07 23:24:49 9092 [Note] InnoDB: Using atomics to ref count buffer pool pages
2014-10-07 23:24:49 9092 [Note] InnoDB: The InnoDB memory heap is disabled
2014-10-07 23:24:49 9092 [Note] InnoDB: Mutexes and rw_locks use Windows interlocked functions
2014-10-07 23:24:49 9092 [Note] InnoDB: Compressed tables use zlib 1.2.3
2014-10-07 23:24:49 9092 [Note] InnoDB: Not using CPU crc32 instructions
2014-10-07 23:24:49 9092 [Note] InnoDB: Initializing buffer pool, size = 128.0M
2014-10-07 23:24:49 9092 [Note] InnoDB: Completed initialization of buffer pool
2014-10-07 23:24:49 9092 [Note] InnoDB: Highest supported file format is Barracuda.
2014-10-07 23:24:50 9092 [Note] InnoDB: 128 rollback segment(s) are active.
2014-10-07 23:24:50 9092 [Note] InnoDB: Waiting for purge to start
2014-10-07 23:24:50 9092 [Note] InnoDB: 5.6.17 started; log sequence number 1629998
2014-10-07 23:24:50 9092 [Note] Server hostname (bind-address): '*'; port: 3306
2014-10-07 23:24:50 9092 [Note] IPv6 is available.
2014-10-07 23:24:50 9092 [Note]   - '::' resolves to '::';
2014-10-07 23:24:50 9092 [Note] Server socket created on IP: '::'.
2014-10-07 23:24:50 9092 [Note] Event Scheduler: Loaded 0 events
2014-10-07 23:24:50 9092 [Note] wampmysqld64: ready for connections.
Version: '5.6.17'  socket: ''  port: 3306  MySQL Community Server (GPL)
2014-10-07 23:36:01 9092 [Note] wampmysqld64: Normal shutdown

2014-10-07 23:36:01 9092 [Note] Giving 0 client threads a chance to die gracefully
2014-10-07 23:36:01 9092 [Note] Event Scheduler: Purging the queue. 0 events
2014-10-07 23:36:01 9092 [Note] Shutting down slave threads
2014-10-07 23:36:01 9092 [Note] Forcefully disconnecting 0 remaining clients
2014-10-07 23:36:01 9092 [Note] Binlog end
2014-10-07 23:36:01 9092 [Note] Shutting down plugin 'partition'
2014-10-07 23:36:01 9092 [Note] Shutting down plugin 'PERFORMANCE_SCHEMA'
2014-10-07 23:36:01 9092 [Note] Shutting down plugin 'INNODB_SYS_DATAFILES'
2014-10-07 23:36:01 9092 [Note] Shutting down plugin 'INNODB_SYS_TABLESPACES'
2014-10-07 23:36:01 9092 [Note] Shutting down plugin 'INNODB_SYS_FOREIGN_COLS'
2014-10-07 23:36:01 9092 [Note] Shutting down plugin 'INNODB_SYS_FOREIGN'
2014-10-07 23:36:01 9092 [Note] Shutting down plugin 'INNODB_SYS_FIELDS'
2014-10-07 23:36:01 9092 [Note] Shutting down plugin 'INNODB_SYS_COLUMNS'
2014-10-07 23:36:01 9092 [Note] Shutting down plugin 'INNODB_SYS_INDEXES'
2014-10-07 23:36:01 9092 [Note] Shutting down plugin 'INNODB_SYS_TABLESTATS'
2014-10-07 23:36:01 9092 [Note] Shutting down plugin 'INNODB_SYS_TABLES'
2014-10-07 23:36:01 9092 [Note] Shutting down plugin 'INNODB_FT_INDEX_TABLE'
2014-10-07 23:36:01 9092 [Note] Shutting down plugin 'INNODB_FT_INDEX_CACHE'
2014-10-07 23:36:01 9092 [Note] Shutting down plugin 'INNODB_FT_CONFIG'
2014-10-07 23:36:01 9092 [Note] Shutting down plugin 'INNODB_FT_BEING_DELETED'
2014-10-07 23:36:01 9092 [Note] Shutting down plugin 'INNODB_FT_DELETED'
2014-10-07 23:36:01 9092 [Note] Shutting down plugin 'INNODB_FT_DEFAULT_STOPWORD'
2014-10-07 23:36:01 9092 [Note] Shutting down plugin 'INNODB_METRICS'
2014-10-07 23:36:01 9092 [Note] Shutting down plugin 'INNODB_BUFFER_POOL_STATS'
2014-10-07 23:36:01 9092 [Note] Shutting down plugin 'INNODB_BUFFER_PAGE_LRU'
2014-10-07 23:36:01 9092 [Note] Shutting down plugin 'INNODB_BUFFER_PAGE'
2014-10-07 23:36:01 9092 [Note] Shutting down plugin 'INNODB_CMP_PER_INDEX_RESET'
2014-10-07 23:36:01 9092 [Note] Shutting down plugin 'INNODB_CMP_PER_INDEX'
2014-10-07 23:36:01 9092 [Note] Shutting down plugin 'INNODB_CMPMEM_RESET'
2014-10-07 23:36:01 9092 [Note] Shutting down plugin 'INNODB_CMPMEM'
2014-10-07 23:36:01 9092 [Note] Shutting down plugin 'INNODB_CMP_RESET'
2014-10-07 23:36:01 9092 [Note] Shutting down plugin 'INNODB_CMP'
2014-10-07 23:36:01 9092 [Note] Shutting down plugin 'INNODB_LOCK_WAITS'
2014-10-07 23:36:01 9092 [Note] Shutting down plugin 'INNODB_LOCKS'
2014-10-07 23:36:01 9092 [Note] Shutting down plugin 'INNODB_TRX'
2014-10-07 23:36:01 9092 [Note] Shutting down plugin 'InnoDB'
2014-10-07 23:36:01 9092 [Note] InnoDB: FTS optimize thread exiting.
2014-10-07 23:36:01 9092 [Note] InnoDB: Starting shutdown...
2014-10-07 23:36:02 9092 [Note] InnoDB: Shutdown completed; log sequence number 1630008
2014-10-07 23:36:02 9092 [Note] Shutting down plugin 'BLACKHOLE'
2014-10-07 23:36:02 9092 [Note] Shutting down plugin 'ARCHIVE'
2014-10-07 23:36:02 9092 [Note] Shutting down plugin 'MRG_MYISAM'
2014-10-07 23:36:02 9092 [Note] Shutting down plugin 'MyISAM'
2014-10-07 23:36:02 9092 [Note] Shutting down plugin 'MEMORY'
2014-10-07 23:36:02 9092 [Note] Shutting down plugin 'CSV'
2014-10-07 23:36:02 9092 [Note] Shutting down plugin 'sha256_password'
2014-10-07 23:36:02 9092 [Note] Shutting down plugin 'mysql_old_password'
2014-10-07 23:36:02 9092 [Note] Shutting down plugin 'mysql_native_password'
2014-10-07 23:36:02 9092 [Note] Shutting down plugin 'binlog'
2014-10-07 23:36:02 9092 [Note] wampmysqld64: Shutdown complete

